# JRE version: OpenJDK Runtime Environment Temurin-17.0.7+7 (17.0.7+7) (build 17.0.7+7)
# Java VM: OpenJDK 64-Bit Server VM Temurin-17.0.7+7 (17.0.7+7, mixed mode, tiered, compressed oops, compressed class ptrs, g1 gc, windows-amd64)
GC Precious Log:
 CPUs: 8 total, 8 available
 Memory: 5877M
 Large Page Support: Disabled
 NUMA Support: Disabled
 Compressed Oops: Enabled (32-bit)
 Heap Region Size: 1M
 Heap Min Capacity: 256M
 Heap Initial Capacity: 256M
 Heap Max Capacity: 1G
 Pre-touch: Disabled
 Parallel Workers: 8
 Concurrent Workers: 2
 Concurrent Refinement Workers: 8
 Periodic GC: Disabled
Heap:
 garbage-first heap   total 422912K, used 62270K [0x00000000c0000000, 0x0000000100000000)
  region size 1024K, 2 young (2048K), 2 survivors (2048K)
 Metaspace       used 53523K, committed 54464K, reserved 1114112K
  class space    used 5067K, committed 5440K, reserved 1048576K
GC Heap History (20 events):
Event: 43561.122 GC heap after
{Heap after GC invocations=283 (full 0):
 garbage-first heap   total 262144K, used 59257K [0x00000000c0000000, 0x0000000100000000)
  region size 1024K, 1 young (1024K), 1 survivors (1024K)
 Metaspace       used 53572K, committed 54464K, reserved 1114112K
  class space    used 5082K, committed 5440K, reserved 1048576K
}
Event: 43561.177 GC heap before
{Heap before GC invocations=283 (full 0):
 garbage-first heap   total 262144K, used 214905K [0x00000000c0000000, 0x0000000100000000)
  region size 1024K, 153 young (156672K), 1 survivors (1024K)
 Metaspace       used 53572K, committed 54464K, reserved 1114112K
  class space    used 5082K, committed 5440K, reserved 1048576K
}
Event: 43561.179 GC heap after
{Heap after GC invocations=284 (full 0):
 garbage-first heap   total 262144K, used 59434K [0x00000000c0000000, 0x0000000100000000)
  region size 1024K, 1 young (1024K), 1 survivors (1024K)
 Metaspace       used 53572K, committed 54464K, reserved 1114112K
  class space    used 5082K, committed 5440K, reserved 1048576K
}
Event: 43561.243 GC heap before
{Heap before GC invocations=285 (full 0):
 garbage-first heap   total 262144K, used 215082K [0x00000000c0000000, 0x0000000100000000)
  region size 1024K, 153 young (156672K), 1 survivors (1024K)
 Metaspace       used 53572K, committed 54464K, reserved 1114112K
  class space    used 5082K, committed 5440K, reserved 1048576K
}
Event: 43561.244 GC heap after
{Heap after GC invocations=286 (full 0):
 garbage-first heap   total 262144K, used 59496K [0x00000000c0000000, 0x0000000100000000)
  region size 1024K, 1 young (1024K), 1 survivors (1024K)
 Metaspace       used 53572K, committed 54464K, reserved 1114112K
  class space    used 5082K, committed 5440K, reserved 1048576K
}
Event: 43561.249 GC heap before
{Heap before GC invocations=286 (full 0):
 garbage-first heap   total 262144K, used 70760K [0x00000000c0000000, 0x0000000100000000)
  region size 1024K, 12 young (12288K), 1 survivors (1024K)
 Metaspace       used 53572K, committed 54464K, reserved 1114112K
  class space    used 5082K, committed 5440K, reserved 1048576K
}
Event: 43561.257 GC heap after
{Heap after GC invocations=287 (full 0):
 garbage-first heap   total 577536K, used 58029K [0x00000000c0000000, 0x0000000100000000)
  region size 1024K, 1 young (1024K), 1 survivors (1024K)
 Metaspace       used 53572K, committed 54464K, reserved 1114112K
  class space    used 5082K, committed 5440K, reserved 1048576K
}
Event: 43561.924 GC heap before
{Heap before GC invocations=287 (full 0):
 garbage-first heap   total 577536K, used 212653K [0x00000000c0000000, 0x0000000100000000)
  region size 1024K, 153 young (156672K), 1 survivors (1024K)
 Metaspace       used 53572K, committed 54464K, reserved 1114112K
  class space    used 5082K, committed 5440K, reserved 1048576K
}
Event: 43561.929 GC heap after
{Heap after GC invocations=288 (full 0):
 garbage-first heap   total 577536K, used 62855K [0x00000000c0000000, 0x0000000100000000)
  region size 1024K, 6 young (6144K), 6 survivors (6144K)
 Metaspace       used 53572K, committed 54464K, reserved 1114112K
  class space    used 5082K, committed 5440K, reserved 1048576K
}
Event: 44984.279 GC heap before
{Heap before GC invocations=289 (full 0):
 garbage-first heap   total 262144K, used 218503K [0x00000000c0000000, 0x0000000100000000)
  region size 1024K, 153 young (156672K), 6 survivors (6144K)
 Metaspace       used 53598K, committed 54464K, reserved 1114112K
  class space    used 5082K, committed 5440K, reserved 1048576K
}
Event: 44984.331 GC heap after
{Heap after GC invocations=290 (full 0):
 garbage-first heap   total 262144K, used 60026K [0x00000000c0000000, 0x0000000100000000)
  region size 1024K, 3 young (3072K), 3 survivors (3072K)
 Metaspace       used 53598K, committed 54464K, reserved 1114112K
  class space    used 5082K, committed 5440K, reserved 1048576K
}
Event: 44984.371 GC heap before
{Heap before GC invocations=290 (full 0):
 garbage-first heap   total 262144K, used 69242K [0x00000000c0000000, 0x0000000100000000)
  region size 1024K, 12 young (12288K), 3 survivors (3072K)
 Metaspace       used 53598K, committed 54464K, reserved 1114112K
  class space    used 5082K, committed 5440K, reserved 1048576K
}
Event: 44984.424 GC heap after
{Heap after GC invocations=291 (full 0):
 garbage-first heap   total 262144K, used 59099K [0x00000000c0000000, 0x0000000100000000)
  region size 1024K, 1 young (1024K), 1 survivors (1024K)
 Metaspace       used 53598K, committed 54464K, reserved 1114112K
  class space    used 5082K, committed 5440K, reserved 1048576K
}
Event: 44984.665 GC heap before
{Heap before GC invocations=291 (full 0):
 garbage-first heap   total 262144K, used 214747K [0x00000000c0000000, 0x0000000100000000)
  region size 1024K, 153 young (156672K), 1 survivors (1024K)
 Metaspace       used 53598K, committed 54464K, reserved 1114112K
  class space    used 5082K, committed 5440K, reserved 1048576K
}
Event: 44984.686 GC heap after
{Heap after GC invocations=292 (full 0):
 garbage-first heap   total 262144K, used 59229K [0x00000000c0000000, 0x0000000100000000)
  region size 1024K, 1 young (1024K), 1 survivors (1024K)
 Metaspace       used 53598K, committed 54464K, reserved 1114112K
  class space    used 5082K, committed 5440K, reserved 1048576K
}
Event: 44984.798 GC heap before
{Heap before GC invocations=292 (full 0):
 garbage-first heap   total 262144K, used 214877K [0x00000000c0000000, 0x0000000100000000)
  region size 1024K, 153 young (156672K), 1 survivors (1024K)
 Metaspace       used 53598K, committed 54464K, reserved 1114112K
  class space    used 5082K, committed 5440K, reserved 1048576K
}
Event: 44984.802 GC heap after
{Heap after GC invocations=293 (full 0):
 garbage-first heap   total 262144K, used 59121K [0x00000000c0000000, 0x0000000100000000)
  region size 1024K, 1 young (1024K), 1 survivors (1024K)
 Metaspace       used 53598K, committed 54464K, reserved 1114112K
  class space    used 5082K, committed 5440K, reserved 1048576K
}
Event: 44986.507 GC heap before
{Heap before GC invocations=294 (full 0):
 garbage-first heap   total 345088K, used 214769K [0x00000000c0000000, 0x0000000100000000)
  region size 1024K, 153 young (156672K), 1 survivors (1024K)
 Metaspace       used 53478K, committed 54464K, reserved 1114112K
  class space    used 5058K, committed 5440K, reserved 1048576K
}
Event: 44986.511 GC heap after
{Heap after GC invocations=295 (full 0):
 garbage-first heap   total 345088K, used 61310K [0x00000000c0000000, 0x0000000100000000)
  region size 1024K, 3 young (3072K), 3 survivors (3072K)
 Metaspace       used 53478K, committed 54464K, reserved 1114112K
  class space    used 5058K, committed 5440K, reserved 1048576K
}
Event: 44986.552 GC heap before
{Heap before GC invocations=295 (full 0):
 garbage-first heap   total 345088K, used 74622K [0x00000000c0000000, 0x0000000100000000)
  region size 1024K, 16 young (16384K), 3 survivors (3072K)
 Metaspace       used 53523K, committed 54464K, reserved 1114112K
  class space    used 5067K, committed 5440K, reserved 1048576K
}

